flickit/app/build/intermediates/manifest_merge_blame_file/debug/manifest-merger-blame-debug-report.txt
1<?xml version="1.0" encoding="utf-8"?>
2<manifest xmlns:android="http://schemas.android.com/apk/res/android"
3    package="com.ugoo.flickit"
4    android:versionCode="1"
5    android:versionName="1.0" >
6
7    <uses-sdk
8        android:minSdkVersion="21"
8-->src/main/AndroidManifest.xml
9        android:targetSdkVersion="32" />
9-->src/main/AndroidManifest.xml
10
11    <application
11-->src/main/AndroidManifest.xml:5:5-34:19
12        android:allowBackup="true"
12-->src/main/AndroidManifest.xml:6:9-35
13        android:appComponentFactory="androidx.core.app.CoreComponentFactory"
13-->[androidx.core:core:1.7.0] AndroidManifest.xml:24:18-86
14        android:dataExtractionRules="@xml/data_extraction_rules"
14-->src/main/AndroidManifest.xml:7:9-65
15        android:debuggable="true"
16        android:fullBackupContent="@xml/backup_rules"
16-->src/main/AndroidManifest.xml:8:9-54
17        android:icon="@mipmap/ic_launcher"
17-->src/main/AndroidManifest.xml:9:9-43
18        android:label="@string/app_name"
18-->src/main/AndroidManifest.xml:10:9-41
19        android:roundIcon="@mipmap/ic_launcher_round"
19-->src/main/AndroidManifest.xml:11:9-54
20        android:supportsRtl="true"
20-->src/main/AndroidManifest.xml:12:9-35
21        android:testOnly="true"
22        android:theme="@style/Theme.Flickit" >
22-->src/main/AndroidManifest.xml:13:9-45
23        <activity
23-->src/main/AndroidManifest.xml:15:9-18:60
24            android:name="com.ugoo.flickit.ui.login.LoginActivity"
24-->src/main/AndroidManifest.xml:16:13-51
25            android:exported="false"
25-->src/main/AndroidManifest.xml:17:13-37
26            android:label="@string/title_activity_login" />
26-->src/main/AndroidManifest.xml:18:13-57
27        <activity
27-->src/main/AndroidManifest.xml:19:9-33:20
28            android:name="com.ugoo.flickit.MainActivity"
28-->src/main/AndroidManifest.xml:20:13-41
29            android:exported="true"
29-->src/main/AndroidManifest.xml:21:13-36
30            android:label="@string/app_name"
30-->src/main/AndroidManifest.xml:22:13-45
31            android:theme="@style/Theme.Flickit.NoActionBar" >
31-->src/main/AndroidManifest.xml:23:13-61
32            <intent-filter>
32-->src/main/AndroidManifest.xml:24:13-28:29
33                <action android:name="android.intent.action.MAIN" />
33-->src/main/AndroidManifest.xml:25:17-69
33-->src/main/AndroidManifest.xml:25:25-66
34
35                <category android:name="android.intent.category.LAUNCHER" />
35-->src/main/AndroidManifest.xml:27:17-77
35-->src/main/AndroidManifest.xml:27:27-74
36            </intent-filter>
37
38            <meta-data
38-->src/main/AndroidManifest.xml:30:13-32:36
39                android:name="android.app.lib_name"
39-->src/main/AndroidManifest.xml:31:17-52
40                android:value="" />
40-->src/main/AndroidManifest.xml:32:17-33
41        </activity>
42
43        <provider
43-->[androidx.emoji2:emoji2:1.0.0] AndroidManifest.xml:26:9-34:20
44            android:name="androidx.startup.InitializationProvider"
44-->[androidx.emoji2:emoji2:1.0.0] AndroidManifest.xml:27:13-67
45            android:authorities="com.ugoo.flickit.androidx-startup"
45-->[androidx.emoji2:emoji2:1.0.0] AndroidManifest.xml:28:13-68
46            android:exported="false" >
46-->[androidx.emoji2:emoji2:1.0.0] AndroidManifest.xml:29:13-37
47            <meta-data
47-->[androidx.emoji2:emoji2:1.0.0] AndroidManifest.xml:31:13-33:52
48                android:name="androidx.emoji2.text.EmojiCompatInitializer"
48-->[androidx.emoji2:emoji2:1.0.0] AndroidManifest.xml:32:17-75
49                android:value="androidx.startup" />
49-->[androidx.emoji2:emoji2:1.0.0] AndroidManifest.xml:33:17-49
50            <meta-data
50-->[androidx.lifecycle:lifecycle-process:2.4.0] AndroidManifest.xml:31:13-33:52
51                android:name="androidx.lifecycle.ProcessLifecycleInitializer"
51-->[androidx.lifecycle:lifecycle-process:2.4.0] AndroidManifest.xml:32:17-78
52                android:value="androidx.startup" />
52-->[androidx.lifecycle:lifecycle-process:2.4.0] AndroidManifest.xml:33:17-49
53        </provider>
54
55        <uses-library
55-->[androidx.window:window:1.0.0] AndroidManifest.xml:25:9-27:40
56            android:name="androidx.window.extensions"
56-->[androidx.window:window:1.0.0] AndroidManifest.xml:26:13-54
57            android:required="false" />
57-->[androidx.window:window:1.0.0] AndroidManifest.xml:27:13-37
58        <uses-library
58-->[androidx.window:window:1.0.0] AndroidManifest.xml:28:9-30:40
59            android:name="androidx.window.sidecar"
59-->[androidx.window:window:1.0.0] AndroidManifest.xml:29:13-51
60            android:required="false" />
60-->[androidx.window:window:1.0.0] AndroidManifest.xml:30:13-37
61    </application>
62
63</manifest>